[11-Sep-2018 20:04:10 Europe/Kiev] PHP Notice:  Undefined index: ad_id in /home/newlev00/robocode.pro/www/script/webhook.php on line 43
[11-Sep-2018 23:26:09 Europe/Kiev] PHP Notice:  Undefined index: ad_id in /home/newlev00/robocode.pro/www/script/webhook.php on line 43
[12-Sep-2018 08:10:16 Europe/Kiev] PHP Notice:  Undefined index: ad_id in /home/newlev00/robocode.pro/www/script/webhook.php on line 43
[12-Sep-2018 17:06:40 Europe/Kiev] PHP Notice:  Undefined index: ad_id in /home/newlev00/robocode.pro/www/script/webhook.php on line 43
[12-Sep-2018 17:06:40 Europe/Kiev] PHP Notice:  Undefined index: ad_id in /home/newlev00/robocode.pro/www/script/webhook.php on line 43
[13-Sep-2018 14:19:38 Europe/Kiev] PHP Notice:  Undefined index: ad_id in /home/newlev00/robocode.pro/www/script/webhook.php on line 43
[13-Sep-2018 15:31:49 Europe/Kiev] PHP Notice:  Undefined index: ad_id in /home/newlev00/robocode.pro/www/script/webhook.php on line 43
[13-Sep-2018 18:08:08 Europe/Kiev] PHP Notice:  Undefined index: ad_id in /home/newlev00/robocode.pro/www/script/webhook.php on line 43
[13-Sep-2018 20:25:02 Europe/Kiev] PHP Notice:  Undefined index: ad_id in /home/newlev00/robocode.pro/www/script/webhook.php on line 43
[13-Sep-2018 21:17:24 Europe/Kiev] PHP Notice:  Undefined index: ad_id in /home/newlev00/robocode.pro/www/script/webhook.php on line 43
[13-Sep-2018 23:30:13 Europe/Kiev] PHP Notice:  Undefined index: ad_id in /home/newlev00/robocode.pro/www/script/webhook.php on line 43
[14-Sep-2018 02:27:25 Europe/Kiev] PHP Notice:  Undefined index: ad_id in /home/newlev00/robocode.pro/www/script/webhook.php on line 43
[14-Sep-2018 12:24:32 Europe/Kiev] PHP Notice:  Undefined index: ad_id in /home/newlev00/robocode.pro/www/script/webhook.php on line 43
[14-Sep-2018 13:21:20 Europe/Kiev] PHP Notice:  Undefined index: ad_id in /home/newlev00/robocode.pro/www/script/webhook.php on line 43
[14-Sep-2018 13:51:31 Europe/Kiev] PHP Notice:  Undefined index: ad_id in /home/newlev00/robocode.pro/www/script/webhook.php on line 43
[14-Sep-2018 16:04:22 Europe/Kiev] PHP Notice:  Undefined index: ad_id in /home/newlev00/robocode.pro/www/script/webhook.php on line 43
[15-Sep-2018 11:06:43 Europe/Kiev] PHP Notice:  Undefined index: ad_id in /home/newlev00/robocode.pro/www/script/webhook.php on line 43
[15-Sep-2018 13:53:39 Europe/Kiev] PHP Notice:  Undefined index: ad_id in /home/newlev00/robocode.pro/www/script/webhook.php on line 43
[15-Sep-2018 18:31:03 Europe/Kiev] PHP Notice:  Undefined index: ad_id in /home/newlev00/robocode.pro/www/script/webhook.php on line 43
[16-Sep-2018 00:10:37 Europe/Kiev] PHP Notice:  Undefined index: ad_id in /home/newlev00/robocode.pro/www/script/webhook.php on line 43
[16-Sep-2018 00:14:11 Europe/Kiev] PHP Notice:  Undefined index: ad_id in /home/newlev00/robocode.pro/www/script/webhook.php on line 43
[16-Sep-2018 14:47:30 Europe/Kiev] PHP Notice:  Undefined index: ad_id in /home/newlev00/robocode.pro/www/script/webhook.php on line 43
[16-Sep-2018 23:40:58 Europe/Kiev] PHP Notice:  Undefined index: ad_id in /home/newlev00/robocode.pro/www/script/webhook.php on line 43
[17-Sep-2018 00:12:41 Europe/Kiev] PHP Notice:  Undefined index: ad_id in /home/newlev00/robocode.pro/www/script/webhook.php on line 43
[17-Sep-2018 07:11:26 Europe/Kiev] PHP Notice:  Undefined index: ad_id in /home/newlev00/robocode.pro/www/script/webhook.php on line 43
[17-Sep-2018 21:10:21 Europe/Kiev] PHP Notice:  Undefined index: ad_id in /home/newlev00/robocode.pro/www/script/webhook.php on line 43
[17-Sep-2018 21:42:23 Europe/Kiev] PHP Notice:  Undefined index: ad_id in /home/newlev00/robocode.pro/www/script/webhook.php on line 43
[17-Sep-2018 21:56:37 Europe/Kiev] PHP Notice:  Undefined index: ad_id in /home/newlev00/robocode.pro/www/script/webhook.php on line 43
[17-Sep-2018 23:05:52 Europe/Kiev] PHP Notice:  Undefined index: ad_id in /home/newlev00/robocode.pro/www/script/webhook.php on line 43
[18-Sep-2018 00:19:23 Europe/Kiev] PHP Notice:  Undefined index: ad_id in /home/newlev00/robocode.pro/www/script/webhook.php on line 43
[18-Sep-2018 10:02:14 Europe/Kiev] PHP Notice:  Undefined index: ad_id in /home/newlev00/robocode.pro/www/script/webhook.php on line 43
[18-Sep-2018 11:14:56 Europe/Kiev] PHP Notice:  Undefined index: ad_id in /home/newlev00/robocode.pro/www/script/webhook.php on line 43
[18-Sep-2018 13:11:15 Europe/Kiev] PHP Notice:  Undefined index: ad_id in /home/newlev00/robocode.pro/www/script/webhook.php on line 43
[18-Sep-2018 14:38:25 Europe/Kiev] PHP Notice:  Undefined index: ad_id in /home/newlev00/robocode.pro/www/script/webhook.php on line 43
[18-Sep-2018 23:09:41 Europe/Kiev] PHP Notice:  Undefined index: ad_id in /home/newlev00/robocode.pro/www/script/webhook.php on line 43
[19-Sep-2018 08:15:31 Europe/Kiev] PHP Notice:  Undefined index: ad_id in /home/newlev00/robocode.pro/www/script/webhook.php on line 43
[19-Sep-2018 10:28:06 Europe/Kiev] PHP Notice:  Undefined index: ad_id in /home/newlev00/robocode.pro/www/script/webhook.php on line 43
[19-Sep-2018 11:52:53 Europe/Kiev] PHP Notice:  Undefined index: ad_id in /home/newlev00/robocode.pro/www/script/webhook.php on line 43
[19-Sep-2018 12:29:08 Europe/Kiev] PHP Notice:  Undefined index: ad_id in /home/newlev00/robocode.pro/www/script/webhook.php on line 43
[19-Sep-2018 18:45:32 Europe/Kiev] PHP Notice:  Undefined index: ad_id in /home/newlev00/robocode.pro/www/script/webhook.php on line 43
[20-Sep-2018 08:31:08 Europe/Kiev] PHP Notice:  Undefined index: ad_id in /home/newlev00/robocode.pro/www/script/webhook.php on line 43
[20-Sep-2018 09:05:24 Europe/Kiev] PHP Notice:  Undefined index: ad_id in /home/newlev00/robocode.pro/www/script/webhook.php on line 43
[20-Sep-2018 09:51:44 Europe/Kiev] PHP Notice:  Undefined index: ad_id in /home/newlev00/robocode.pro/www/script/webhook.php on line 43
[20-Sep-2018 12:09:36 Europe/Kiev] PHP Notice:  Undefined index: ad_id in /home/newlev00/robocode.pro/www/script/webhook.php on line 43
[20-Sep-2018 14:55:38 Europe/Kiev] PHP Notice:  Undefined index: ad_id in /home/newlev00/robocode.pro/www/script/webhook.php on line 43
[20-Sep-2018 19:04:21 Europe/Kiev] PHP Notice:  Undefined index: ad_id in /home/newlev00/robocode.pro/www/script/webhook.php on line 43
[20-Sep-2018 20:16:02 Europe/Kiev] PHP Notice:  Undefined index: ad_id in /home/newlev00/robocode.pro/www/script/webhook.php on line 43
[21-Sep-2018 08:59:52 Europe/Kiev] PHP Notice:  Undefined index: ad_id in /home/newlev00/robocode.pro/www/script/webhook.php on line 43
[21-Sep-2018 11:44:18 Europe/Kiev] PHP Notice:  Undefined index: ad_id in /home/newlev00/robocode.pro/www/script/webhook.php on line 43
[21-Sep-2018 11:59:13 Europe/Kiev] PHP Notice:  Undefined index: ad_id in /home/newlev00/robocode.pro/www/script/webhook.php on line 43
[21-Sep-2018 15:58:59 Europe/Kiev] PHP Notice:  Undefined index: ad_id in /home/newlev00/robocode.pro/www/script/webhook.php on line 43
[22-Sep-2018 08:20:55 Europe/Kiev] PHP Notice:  Undefined index: ad_id in /home/newlev00/robocode.pro/www/script/webhook.php on line 43
[22-Sep-2018 12:15:36 Europe/Kiev] PHP Notice:  Undefined index: ad_id in /home/newlev00/robocode.pro/www/script/webhook.php on line 43
[22-Sep-2018 15:17:34 Europe/Kiev] PHP Notice:  Undefined index: ad_id in /home/newlev00/robocode.pro/www/script/webhook.php on line 43
[22-Sep-2018 17:56:48 Europe/Kiev] PHP Notice:  Undefined index: ad_id in /home/newlev00/robocode.pro/www/script/webhook.php on line 43
[22-Sep-2018 19:35:01 Europe/Kiev] PHP Notice:  Undefined index: ad_id in /home/newlev00/robocode.pro/www/script/webhook.php on line 43
[22-Sep-2018 21:24:29 Europe/Kiev] PHP Notice:  Undefined index: ad_id in /home/newlev00/robocode.pro/www/script/webhook.php on line 43
[23-Sep-2018 01:33:22 Europe/Kiev] PHP Notice:  Undefined index: ad_id in /home/newlev00/robocode.pro/www/script/webhook.php on line 43
[23-Sep-2018 10:17:44 Europe/Kiev] PHP Notice:  Undefined index: ad_id in /home/newlev00/robocode.pro/www/script/webhook.php on line 43
[23-Sep-2018 11:12:09 Europe/Kiev] PHP Notice:  Undefined index: ad_id in /home/newlev00/robocode.pro/www/script/webhook.php on line 43
[23-Sep-2018 21:52:08 Europe/Kiev] PHP Notice:  Undefined index: ad_id in /home/newlev00/robocode.pro/www/script/webhook.php on line 43
[23-Sep-2018 22:19:31 Europe/Kiev] PHP Notice:  Undefined index: ad_id in /home/newlev00/robocode.pro/www/script/webhook.php on line 43
[24-Sep-2018 08:41:57 Europe/Kiev] PHP Notice:  Undefined index: ad_id in /home/newlev00/robocode.pro/www/script/webhook.php on line 43
[24-Sep-2018 11:38:31 Europe/Kiev] PHP Notice:  Undefined index: ad_id in /home/newlev00/robocode.pro/www/script/webhook.php on line 43
[24-Sep-2018 14:07:50 Europe/Kiev] PHP Notice:  Undefined index: ad_id in /home/newlev00/robocode.pro/www/script/webhook.php on line 43
[24-Sep-2018 15:04:41 Europe/Kiev] PHP Notice:  Undefined index: ad_id in /home/newlev00/robocode.pro/www/script/webhook.php on line 43
[24-Sep-2018 17:37:12 Europe/Kiev] PHP Notice:  Undefined index: ad_id in /home/newlev00/robocode.pro/www/script/webhook.php on line 43
[24-Sep-2018 17:53:35 Europe/Kiev] PHP Parse error:  syntax error, unexpected ''327616414710520'' (T_CONSTANT_ENCAPSED_STRING), expecting ']' in /home/newlev00/robocode.pro/www/script/Config.php on line 99
[24-Sep-2018 19:32:28 Europe/Kiev] PHP Notice:  Undefined index: выберите_школу_ in /home/newlev00/robocode.pro/www/script/webhook.php on line 56
[24-Sep-2018 21:23:42 Europe/Kiev] PHP Notice:  Undefined index: выберите_школу_ in /home/newlev00/robocode.pro/www/script/webhook.php on line 56
[24-Sep-2018 22:04:41 Europe/Kiev] PHP Notice:  Undefined index: выберите_школу_ in /home/newlev00/robocode.pro/www/script/webhook.php on line 56
[24-Sep-2018 23:18:27 Europe/Kiev] PHP Notice:  Undefined index: выберите_школу_ in /home/newlev00/robocode.pro/www/script/webhook.php on line 56
[24-Sep-2018 23:31:27 Europe/Kiev] PHP Notice:  Undefined index: ad_id in /home/newlev00/robocode.pro/www/script/webhook.php on line 43
[24-Sep-2018 23:40:03 Europe/Kiev] PHP Notice:  Undefined index: выберите_школу_ in /home/newlev00/robocode.pro/www/script/webhook.php on line 56
[25-Sep-2018 06:10:39 Europe/Kiev] PHP Notice:  Undefined index: выберите_школу_ in /home/newlev00/robocode.pro/www/script/webhook.php on line 56
[25-Sep-2018 08:48:53 Europe/Kiev] PHP Notice:  Undefined index: ad_id in /home/newlev00/robocode.pro/www/script/webhook.php on line 43
[25-Sep-2018 08:48:53 Europe/Kiev] PHP Notice:  Undefined index: выберите_школу_ in /home/newlev00/robocode.pro/www/script/webhook.php on line 56
[25-Sep-2018 15:29:26 Europe/Kiev] PHP Notice:  Undefined index: ad_id in /home/newlev00/robocode.pro/www/script/webhook.php on line 43
[25-Sep-2018 20:01:50 Europe/Kiev] PHP Notice:  Undefined index: ad_id in /home/newlev00/robocode.pro/www/script/webhook.php on line 43
[25-Sep-2018 21:53:39 Europe/Kiev] PHP Notice:  Undefined index: ad_id in /home/newlev00/robocode.pro/www/script/webhook.php on line 43
[26-Sep-2018 07:21:02 Europe/Kiev] PHP Notice:  Undefined index: ad_id in /home/newlev00/robocode.pro/www/script/webhook.php on line 43
[26-Sep-2018 09:42:54 Europe/Kiev] PHP Notice:  Undefined index: ad_id in /home/newlev00/robocode.pro/www/script/webhook.php on line 43
[26-Sep-2018 18:48:47 Europe/Kiev] PHP Notice:  Undefined index: ad_id in /home/newlev00/robocode.pro/www/script/webhook.php on line 43
[27-Sep-2018 11:06:01 Europe/Kiev] PHP Notice:  Undefined index: ad_id in /home/newlev00/robocode.pro/www/script/webhook.php on line 43
[27-Sep-2018 14:19:14 Europe/Kiev] PHP Notice:  Undefined index: ad_id in /home/newlev00/robocode.pro/www/script/webhook.php on line 43
[27-Sep-2018 17:46:59 Europe/Kiev] PHP Notice:  Undefined index: ad_id in /home/newlev00/robocode.pro/www/script/webhook.php on line 43
[27-Sep-2018 20:33:38 Europe/Kiev] PHP Notice:  Undefined index: ad_id in /home/newlev00/robocode.pro/www/script/webhook.php on line 43
[28-Sep-2018 07:17:04 Europe/Kiev] PHP Notice:  Undefined index: ad_id in /home/newlev00/robocode.pro/www/script/webhook.php on line 43
[28-Sep-2018 09:52:10 Europe/Kiev] PHP Notice:  Undefined index: ad_id in /home/newlev00/robocode.pro/www/script/webhook.php on line 43
[28-Sep-2018 11:56:28 Europe/Kiev] PHP Notice:  Undefined index: ad_id in /home/newlev00/robocode.pro/www/script/webhook.php on line 43
[28-Sep-2018 12:59:56 Europe/Kiev] PHP Notice:  Undefined index: ad_id in /home/newlev00/robocode.pro/www/script/webhook.php on line 43
[28-Sep-2018 14:39:22 Europe/Kiev] PHP Fatal error:  Uncaught exception 'FacebookAds\Http\Exception\AuthorizationException' with message 'An unexpected error has occurred. Please retry your request later.' in /home/newlev00/robocode.pro/www/script/vendor/facebook/php-ads-sdk/src/FacebookAds/Http/Exception/RequestException.php:140
Stack trace:
#0 /home/newlev00/robocode.pro/www/script/vendor/facebook/php-ads-sdk/src/FacebookAds/Http/Client.php(215): FacebookAds\Http\Exception\RequestException::create(Object(FacebookAds\Http\Response))
#1 /home/newlev00/robocode.pro/www/script/vendor/facebook/php-ads-sdk/src/FacebookAds/Http/Request.php(282): FacebookAds\Http\Client->sendRequest(Object(FacebookAds\Http\Request))
#2 /home/newlev00/robocode.pro/www/script/vendor/facebook/php-ads-sdk/src/FacebookAds/Api.php(151): FacebookAds\Http\Request->execute()
#3 /home/newlev00/robocode.pro/www/script/vendor/facebook/php-ads-sdk/src/FacebookAds/Api.php(193): FacebookAds\Api->executeRequest(Object(FacebookAds\Http\Request))
#4 /home/newlev00/robocode.pro/www/script/vendor/facebo in /home/newlev00/robocode.pro/www/script/vendor/facebook/php-ads-sdk/src/FacebookAds/Http/Exception/RequestException.php on line 140
[28-Sep-2018 15:04:11 Europe/Kiev] PHP Notice:  Undefined index: ad_id in /home/newlev00/robocode.pro/www/script/webhook.php on line 43
[28-Sep-2018 21:05:57 Europe/Kiev] PHP Notice:  Undefined index: ad_id in /home/newlev00/robocode.pro/www/script/webhook.php on line 43
[29-Sep-2018 10:42:26 Europe/Kiev] PHP Notice:  Undefined index: ad_id in /home/newlev00/robocode.pro/www/script/webhook.php on line 43
[30-Sep-2018 07:44:13 Europe/Kiev] PHP Notice:  Undefined index: ad_id in /home/newlev00/robocode.pro/www/script/webhook.php on line 43
[30-Sep-2018 20:13:25 Europe/Kiev] PHP Notice:  Undefined index: ad_id in /home/newlev00/robocode.pro/www/script/webhook.php on line 43
[01-Oct-2018 08:03:56 Europe/Kiev] PHP Notice:  Undefined index: ad_id in /home/newlev00/robocode.pro/www/script/webhook.php on line 43
[01-Oct-2018 14:44:25 Europe/Kiev] PHP Notice:  Undefined index: ad_id in /home/newlev00/robocode.pro/www/script/webhook.php on line 43
[01-Oct-2018 17:39:46 Europe/Kiev] PHP Notice:  Undefined index: ad_id in /home/newlev00/robocode.pro/www/script/webhook.php on line 43
[01-Oct-2018 20:17:45 Europe/Kiev] PHP Notice:  Undefined index: ad_id in /home/newlev00/robocode.pro/www/script/webhook.php on line 43
[01-Oct-2018 20:32:11 Europe/Kiev] PHP Notice:  Undefined index: ad_id in /home/newlev00/robocode.pro/www/script/webhook.php on line 43
[02-Oct-2018 21:17:01 Europe/Kiev] PHP Notice:  Undefined index: ad_id in /home/newlev00/robocode.pro/www/script/webhook.php on line 43
[02-Oct-2018 22:10:07 Europe/Kiev] PHP Notice:  Undefined index: ad_id in /home/newlev00/robocode.pro/www/script/webhook.php on line 43
[03-Oct-2018 15:31:37 Europe/Kiev] PHP Notice:  Undefined index: ad_id in /home/newlev00/robocode.pro/www/script/webhook.php on line 43
[03-Oct-2018 23:27:59 Europe/Kiev] PHP Notice:  Undefined index: ad_id in /home/newlev00/robocode.pro/www/script/webhook.php on line 43
[04-Oct-2018 07:59:49 Europe/Kiev] PHP Notice:  Undefined index: ad_id in /home/newlev00/robocode.pro/www/script/webhook.php on line 43
[04-Oct-2018 09:11:30 Europe/Kiev] PHP Notice:  Undefined index: ad_id in /home/newlev00/robocode.pro/www/script/webhook.php on line 43
[04-Oct-2018 10:37:34 Europe/Kiev] PHP Notice:  Undefined index: ad_id in /home/newlev00/robocode.pro/www/script/webhook.php on line 43
[04-Oct-2018 12:57:50 Europe/Kiev] PHP Notice:  Undefined index: ad_id in /home/newlev00/robocode.pro/www/script/webhook.php on line 43
[04-Oct-2018 14:41:47 Europe/Kiev] PHP Notice:  Undefined index: ad_id in /home/newlev00/robocode.pro/www/script/webhook.php on line 43
[05-Oct-2018 10:10:55 Europe/Kiev] PHP Notice:  Undefined index: ad_id in /home/newlev00/robocode.pro/www/script/webhook.php on line 43
[06-Oct-2018 02:19:17 Europe/Kiev] PHP Notice:  Undefined index: ad_id in /home/newlev00/robocode.pro/www/script/webhook.php on line 43
[06-Oct-2018 10:12:30 Europe/Kiev] PHP Notice:  Undefined index: ad_id in /home/newlev00/robocode.pro/www/script/webhook.php on line 43
[06-Oct-2018 11:28:25 Europe/Kiev] PHP Notice:  Undefined index: ad_id in /home/newlev00/robocode.pro/www/script/webhook.php on line 43
[08-Oct-2018 12:11:19 Europe/Kiev] PHP Notice:  Undefined index: ad_id in /home/newlev00/robocode.pro/www/script/webhook.php on line 43
[08-Oct-2018 12:39:37 Europe/Kiev] PHP Notice:  Undefined index: ad_id in /home/newlev00/robocode.pro/www/script/webhook.php on line 43
[09-Oct-2018 13:35:22 Europe/Kiev] PHP Notice:  Undefined index: ad_id in /home/newlev00/robocode.pro/www/script/webhook.php on line 43
[09-Oct-2018 15:19:41 Europe/Kiev] PHP Notice:  Undefined index: ad_id in /home/newlev00/robocode.pro/www/script/webhook.php on line 43
[09-Oct-2018 17:18:41 Europe/Kiev] PHP Notice:  Undefined index: ad_id in /home/newlev00/robocode.pro/www/script/webhook.php on line 43
[10-Oct-2018 20:38:51 Europe/Kiev] PHP Notice:  Undefined index: ad_id in /home/newlev00/robocode.pro/www/script/webhook.php on line 43
[10-Oct-2018 22:53:04 Europe/Kiev] PHP Notice:  Undefined index: ad_id in /home/newlev00/robocode.pro/www/script/webhook.php on line 43
[11-Oct-2018 06:32:59 Europe/Kiev] PHP Notice:  Undefined index: ad_id in /home/newlev00/robocode.pro/www/script/webhook.php on line 43
[11-Oct-2018 07:42:27 Europe/Kiev] PHP Notice:  Undefined index: ad_id in /home/newlev00/robocode.pro/www/script/webhook.php on line 43
[11-Oct-2018 11:49:31 Europe/Kiev] PHP Fatal error:  Uncaught exception 'FacebookAds\Http\Exception\AuthorizationException' with message 'An unexpected error has occurred. Please retry your request later.' in /home/newlev00/robocode.pro/www/script/vendor/facebook/php-ads-sdk/src/FacebookAds/Http/Exception/RequestException.php:140
Stack trace:
#0 /home/newlev00/robocode.pro/www/script/vendor/facebook/php-ads-sdk/src/FacebookAds/Http/Client.php(215): FacebookAds\Http\Exception\RequestException::create(Object(FacebookAds\Http\Response))
#1 /home/newlev00/robocode.pro/www/script/vendor/facebook/php-ads-sdk/src/FacebookAds/Http/Request.php(282): FacebookAds\Http\Client->sendRequest(Object(FacebookAds\Http\Request))
#2 /home/newlev00/robocode.pro/www/script/vendor/facebook/php-ads-sdk/src/FacebookAds/Api.php(151): FacebookAds\Http\Request->execute()
#3 /home/newlev00/robocode.pro/www/script/vendor/facebook/php-ads-sdk/src/FacebookAds/Api.php(193): FacebookAds\Api->executeRequest(Object(FacebookAds\Http\Request))
#4 /home/newlev00/robocode.pro/www/script/vendor/facebo in /home/newlev00/robocode.pro/www/script/vendor/facebook/php-ads-sdk/src/FacebookAds/Http/Exception/RequestException.php on line 140
[11-Oct-2018 12:01:36 Europe/Kiev] PHP Fatal error:  Uncaught exception 'FacebookAds\Http\Exception\AuthorizationException' with message 'An unexpected error has occurred. Please retry your request later.' in /home/newlev00/robocode.pro/www/script/vendor/facebook/php-ads-sdk/src/FacebookAds/Http/Exception/RequestException.php:140
Stack trace:
#0 /home/newlev00/robocode.pro/www/script/vendor/facebook/php-ads-sdk/src/FacebookAds/Http/Client.php(215): FacebookAds\Http\Exception\RequestException::create(Object(FacebookAds\Http\Response))
#1 /home/newlev00/robocode.pro/www/script/vendor/facebook/php-ads-sdk/src/FacebookAds/Http/Request.php(282): FacebookAds\Http\Client->sendRequest(Object(FacebookAds\Http\Request))
#2 /home/newlev00/robocode.pro/www/script/vendor/facebook/php-ads-sdk/src/FacebookAds/Api.php(151): FacebookAds\Http\Request->execute()
#3 /home/newlev00/robocode.pro/www/script/vendor/facebook/php-ads-sdk/src/FacebookAds/Api.php(193): FacebookAds\Api->executeRequest(Object(FacebookAds\Http\Request))
#4 /home/newlev00/robocode.pro/www/script/vendor/facebo in /home/newlev00/robocode.pro/www/script/vendor/facebook/php-ads-sdk/src/FacebookAds/Http/Exception/RequestException.php on line 140
[11-Oct-2018 14:40:29 Europe/Kiev] PHP Fatal error:  Uncaught exception 'FacebookAds\Http\Exception\AuthorizationException' with message 'An unexpected error has occurred. Please retry your request later.' in /home/newlev00/robocode.pro/www/script/vendor/facebook/php-ads-sdk/src/FacebookAds/Http/Exception/RequestException.php:140
Stack trace:
#0 /home/newlev00/robocode.pro/www/script/vendor/facebook/php-ads-sdk/src/FacebookAds/Http/Client.php(215): FacebookAds\Http\Exception\RequestException::create(Object(FacebookAds\Http\Response))
#1 /home/newlev00/robocode.pro/www/script/vendor/facebook/php-ads-sdk/src/FacebookAds/Http/Request.php(282): FacebookAds\Http\Client->sendRequest(Object(FacebookAds\Http\Request))
#2 /home/newlev00/robocode.pro/www/script/vendor/facebook/php-ads-sdk/src/FacebookAds/Api.php(151): FacebookAds\Http\Request->execute()
#3 /home/newlev00/robocode.pro/www/script/vendor/facebook/php-ads-sdk/src/FacebookAds/Api.php(193): FacebookAds\Api->executeRequest(Object(FacebookAds\Http\Request))
#4 /home/newlev00/robocode.pro/www/script/vendor/facebo in /home/newlev00/robocode.pro/www/script/vendor/facebook/php-ads-sdk/src/FacebookAds/Http/Exception/RequestException.php on line 140
[11-Oct-2018 14:50:54 Europe/Kiev] PHP Fatal error:  Uncaught exception 'FacebookAds\Http\Exception\AuthorizationException' with message 'An unexpected error has occurred. Please retry your request later.' in /home/newlev00/robocode.pro/www/script/vendor/facebook/php-ads-sdk/src/FacebookAds/Http/Exception/RequestException.php:140
Stack trace:
#0 /home/newlev00/robocode.pro/www/script/vendor/facebook/php-ads-sdk/src/FacebookAds/Http/Client.php(215): FacebookAds\Http\Exception\RequestException::create(Object(FacebookAds\Http\Response))
#1 /home/newlev00/robocode.pro/www/script/vendor/facebook/php-ads-sdk/src/FacebookAds/Http/Request.php(282): FacebookAds\Http\Client->sendRequest(Object(FacebookAds\Http\Request))
#2 /home/newlev00/robocode.pro/www/script/vendor/facebook/php-ads-sdk/src/FacebookAds/Api.php(151): FacebookAds\Http\Request->execute()
#3 /home/newlev00/robocode.pro/www/script/vendor/facebook/php-ads-sdk/src/FacebookAds/Api.php(193): FacebookAds\Api->executeRequest(Object(FacebookAds\Http\Request))
#4 /home/newlev00/robocode.pro/www/script/vendor/facebo in /home/newlev00/robocode.pro/www/script/vendor/facebook/php-ads-sdk/src/FacebookAds/Http/Exception/RequestException.php on line 140
[11-Oct-2018 15:14:07 Europe/Kiev] PHP Fatal error:  Uncaught exception 'FacebookAds\Http\Exception\AuthorizationException' with message 'An unexpected error has occurred. Please retry your request later.' in /home/newlev00/robocode.pro/www/script/vendor/facebook/php-ads-sdk/src/FacebookAds/Http/Exception/RequestException.php:140
Stack trace:
#0 /home/newlev00/robocode.pro/www/script/vendor/facebook/php-ads-sdk/src/FacebookAds/Http/Client.php(215): FacebookAds\Http\Exception\RequestException::create(Object(FacebookAds\Http\Response))
#1 /home/newlev00/robocode.pro/www/script/vendor/facebook/php-ads-sdk/src/FacebookAds/Http/Request.php(282): FacebookAds\Http\Client->sendRequest(Object(FacebookAds\Http\Request))
#2 /home/newlev00/robocode.pro/www/script/vendor/facebook/php-ads-sdk/src/FacebookAds/Api.php(151): FacebookAds\Http\Request->execute()
#3 /home/newlev00/robocode.pro/www/script/vendor/facebook/php-ads-sdk/src/FacebookAds/Api.php(193): FacebookAds\Api->executeRequest(Object(FacebookAds\Http\Request))
#4 /home/newlev00/robocode.pro/www/script/vendor/facebo in /home/newlev00/robocode.pro/www/script/vendor/facebook/php-ads-sdk/src/FacebookAds/Http/Exception/RequestException.php on line 140
[11-Oct-2018 16:23:29 Europe/Kiev] PHP Notice:  Undefined index: ad_id in /home/newlev00/robocode.pro/www/script/webhook.php on line 43
[11-Oct-2018 16:58:04 Europe/Kiev] PHP Fatal error:  Uncaught exception 'FacebookAds\Http\Exception\AuthorizationException' with message 'An unknown error has occurred.' in /home/newlev00/robocode.pro/www/script/vendor/facebook/php-ads-sdk/src/FacebookAds/Http/Exception/RequestException.php:140
Stack trace:
#0 /home/newlev00/robocode.pro/www/script/vendor/facebook/php-ads-sdk/src/FacebookAds/Http/Client.php(215): FacebookAds\Http\Exception\RequestException::create(Object(FacebookAds\Http\Response))
#1 /home/newlev00/robocode.pro/www/script/vendor/facebook/php-ads-sdk/src/FacebookAds/Http/Request.php(282): FacebookAds\Http\Client->sendRequest(Object(FacebookAds\Http\Request))
#2 /home/newlev00/robocode.pro/www/script/vendor/facebook/php-ads-sdk/src/FacebookAds/Api.php(151): FacebookAds\Http\Request->execute()
#3 /home/newlev00/robocode.pro/www/script/vendor/facebook/php-ads-sdk/src/FacebookAds/Api.php(193): FacebookAds\Api->executeRequest(Object(FacebookAds\Http\Request))
#4 /home/newlev00/robocode.pro/www/script/vendor/facebook/php-ads-sdk/src/FacebookAds/Objec in /home/newlev00/robocode.pro/www/script/vendor/facebook/php-ads-sdk/src/FacebookAds/Http/Exception/RequestException.php on line 140
[11-Oct-2018 20:33:25 Europe/Kiev] PHP Fatal error:  Uncaught exception 'FacebookAds\Http\Exception\AuthorizationException' with message 'An unknown error has occurred.' in /home/newlev00/robocode.pro/www/script/vendor/facebook/php-ads-sdk/src/FacebookAds/Http/Exception/RequestException.php:140
Stack trace:
#0 /home/newlev00/robocode.pro/www/script/vendor/facebook/php-ads-sdk/src/FacebookAds/Http/Client.php(215): FacebookAds\Http\Exception\RequestException::create(Object(FacebookAds\Http\Response))
#1 /home/newlev00/robocode.pro/www/script/vendor/facebook/php-ads-sdk/src/FacebookAds/Http/Request.php(282): FacebookAds\Http\Client->sendRequest(Object(FacebookAds\Http\Request))
#2 /home/newlev00/robocode.pro/www/script/vendor/facebook/php-ads-sdk/src/FacebookAds/Api.php(151): FacebookAds\Http\Request->execute()
#3 /home/newlev00/robocode.pro/www/script/vendor/facebook/php-ads-sdk/src/FacebookAds/Api.php(193): FacebookAds\Api->executeRequest(Object(FacebookAds\Http\Request))
#4 /home/newlev00/robocode.pro/www/script/vendor/facebook/php-ads-sdk/src/FacebookAds/Objec in /home/newlev00/robocode.pro/www/script/vendor/facebook/php-ads-sdk/src/FacebookAds/Http/Exception/RequestException.php on line 140
[11-Oct-2018 20:52:20 Europe/Kiev] PHP Notice:  Undefined index: ad_id in /home/newlev00/robocode.pro/www/script/webhook.php on line 43
[11-Oct-2018 20:59:28 Europe/Kiev] PHP Fatal error:  Uncaught exception 'FacebookAds\Http\Exception\AuthorizationException' with message 'An unexpected error has occurred. Please retry your request later.' in /home/newlev00/robocode.pro/www/script/vendor/facebook/php-ads-sdk/src/FacebookAds/Http/Exception/RequestException.php:140
Stack trace:
#0 /home/newlev00/robocode.pro/www/script/vendor/facebook/php-ads-sdk/src/FacebookAds/Http/Client.php(215): FacebookAds\Http\Exception\RequestException::create(Object(FacebookAds\Http\Response))
#1 /home/newlev00/robocode.pro/www/script/vendor/facebook/php-ads-sdk/src/FacebookAds/Http/Request.php(282): FacebookAds\Http\Client->sendRequest(Object(FacebookAds\Http\Request))
#2 /home/newlev00/robocode.pro/www/script/vendor/facebook/php-ads-sdk/src/FacebookAds/Api.php(151): FacebookAds\Http\Request->execute()
#3 /home/newlev00/robocode.pro/www/script/vendor/facebook/php-ads-sdk/src/FacebookAds/Api.php(193): FacebookAds\Api->executeRequest(Object(FacebookAds\Http\Request))
#4 /home/newlev00/robocode.pro/www/script/vendor/facebo in /home/newlev00/robocode.pro/www/script/vendor/facebook/php-ads-sdk/src/FacebookAds/Http/Exception/RequestException.php on line 140
[11-Oct-2018 21:27:20 Europe/Kiev] PHP Fatal error:  Uncaught exception 'FacebookAds\Http\Exception\AuthorizationException' with message 'An unexpected error has occurred. Please retry your request later.' in /home/newlev00/robocode.pro/www/script/vendor/facebook/php-ads-sdk/src/FacebookAds/Http/Exception/RequestException.php:140
Stack trace:
#0 /home/newlev00/robocode.pro/www/script/vendor/facebook/php-ads-sdk/src/FacebookAds/Http/Client.php(215): FacebookAds\Http\Exception\RequestException::create(Object(FacebookAds\Http\Response))
#1 /home/newlev00/robocode.pro/www/script/vendor/facebook/php-ads-sdk/src/FacebookAds/Http/Request.php(282): FacebookAds\Http\Client->sendRequest(Object(FacebookAds\Http\Request))
#2 /home/newlev00/robocode.pro/www/script/vendor/facebook/php-ads-sdk/src/FacebookAds/Api.php(151): FacebookAds\Http\Request->execute()
#3 /home/newlev00/robocode.pro/www/script/vendor/facebook/php-ads-sdk/src/FacebookAds/Api.php(193): FacebookAds\Api->executeRequest(Object(FacebookAds\Http\Request))
#4 /home/newlev00/robocode.pro/www/script/vendor/facebo in /home/newlev00/robocode.pro/www/script/vendor/facebook/php-ads-sdk/src/FacebookAds/Http/Exception/RequestException.php on line 140
[11-Oct-2018 21:41:26 Europe/Kiev] PHP Fatal error:  Uncaught exception 'FacebookAds\Http\Exception\AuthorizationException' with message 'An unexpected error has occurred. Please retry your request later.' in /home/newlev00/robocode.pro/www/script/vendor/facebook/php-ads-sdk/src/FacebookAds/Http/Exception/RequestException.php:140
Stack trace:
#0 /home/newlev00/robocode.pro/www/script/vendor/facebook/php-ads-sdk/src/FacebookAds/Http/Client.php(215): FacebookAds\Http\Exception\RequestException::create(Object(FacebookAds\Http\Response))
#1 /home/newlev00/robocode.pro/www/script/vendor/facebook/php-ads-sdk/src/FacebookAds/Http/Request.php(282): FacebookAds\Http\Client->sendRequest(Object(FacebookAds\Http\Request))
#2 /home/newlev00/robocode.pro/www/script/vendor/facebook/php-ads-sdk/src/FacebookAds/Api.php(151): FacebookAds\Http\Request->execute()
#3 /home/newlev00/robocode.pro/www/script/vendor/facebook/php-ads-sdk/src/FacebookAds/Api.php(193): FacebookAds\Api->executeRequest(Object(FacebookAds\Http\Request))
#4 /home/newlev00/robocode.pro/www/script/vendor/facebo in /home/newlev00/robocode.pro/www/script/vendor/facebook/php-ads-sdk/src/FacebookAds/Http/Exception/RequestException.php on line 140
[11-Oct-2018 23:38:16 Europe/Kiev] PHP Fatal error:  Uncaught exception 'FacebookAds\Http\Exception\AuthorizationException' with message 'An unexpected error has occurred. Please retry your request later.' in /home/newlev00/robocode.pro/www/script/vendor/facebook/php-ads-sdk/src/FacebookAds/Http/Exception/RequestException.php:140
Stack trace:
#0 /home/newlev00/robocode.pro/www/script/vendor/facebook/php-ads-sdk/src/FacebookAds/Http/Client.php(215): FacebookAds\Http\Exception\RequestException::create(Object(FacebookAds\Http\Response))
#1 /home/newlev00/robocode.pro/www/script/vendor/facebook/php-ads-sdk/src/FacebookAds/Http/Request.php(282): FacebookAds\Http\Client->sendRequest(Object(FacebookAds\Http\Request))
#2 /home/newlev00/robocode.pro/www/script/vendor/facebook/php-ads-sdk/src/FacebookAds/Api.php(151): FacebookAds\Http\Request->execute()
#3 /home/newlev00/robocode.pro/www/script/vendor/facebook/php-ads-sdk/src/FacebookAds/Api.php(193): FacebookAds\Api->executeRequest(Object(FacebookAds\Http\Request))
#4 /home/newlev00/robocode.pro/www/script/vendor/facebo in /home/newlev00/robocode.pro/www/script/vendor/facebook/php-ads-sdk/src/FacebookAds/Http/Exception/RequestException.php on line 140
[11-Oct-2018 23:43:01 Europe/Kiev] PHP Fatal error:  Uncaught exception 'FacebookAds\Http\Exception\AuthorizationException' with message 'An unknown error has occurred.' in /home/newlev00/robocode.pro/www/script/vendor/facebook/php-ads-sdk/src/FacebookAds/Http/Exception/RequestException.php:140
Stack trace:
#0 /home/newlev00/robocode.pro/www/script/vendor/facebook/php-ads-sdk/src/FacebookAds/Http/Client.php(215): FacebookAds\Http\Exception\RequestException::create(Object(FacebookAds\Http\Response))
#1 /home/newlev00/robocode.pro/www/script/vendor/facebook/php-ads-sdk/src/FacebookAds/Http/Request.php(282): FacebookAds\Http\Client->sendRequest(Object(FacebookAds\Http\Request))
#2 /home/newlev00/robocode.pro/www/script/vendor/facebook/php-ads-sdk/src/FacebookAds/Api.php(151): FacebookAds\Http\Request->execute()
#3 /home/newlev00/robocode.pro/www/script/vendor/facebook/php-ads-sdk/src/FacebookAds/Api.php(193): FacebookAds\Api->executeRequest(Object(FacebookAds\Http\Request))
#4 /home/newlev00/robocode.pro/www/script/vendor/facebook/php-ads-sdk/src/FacebookAds/Objec in /home/newlev00/robocode.pro/www/script/vendor/facebook/php-ads-sdk/src/FacebookAds/Http/Exception/RequestException.php on line 140
[12-Oct-2018 20:22:05 Europe/Kiev] PHP Notice:  Undefined index: ad_id in /home/newlev00/robocode.pro/www/script/webhook.php on line 43
[13-Oct-2018 08:58:32 Europe/Kiev] PHP Notice:  Undefined index: ad_id in /home/newlev00/robocode.pro/www/script/webhook.php on line 43
[13-Oct-2018 09:06:02 Europe/Kiev] PHP Notice:  Undefined index: ad_id in /home/newlev00/robocode.pro/www/script/webhook.php on line 43
[14-Oct-2018 20:38:11 Europe/Kiev] PHP Notice:  Undefined index: ad_id in /home/newlev00/robocode.pro/www/script/webhook.php on line 43
[15-Oct-2018 15:49:22 Europe/Kiev] PHP Notice:  Undefined index: ad_id in /home/newlev00/robocode.pro/www/script/webhook.php on line 43
[16-Oct-2018 06:54:31 Europe/Kiev] PHP Notice:  Undefined index: ad_id in /home/newlev00/robocode.pro/www/script/webhook.php on line 43
[16-Oct-2018 11:55:04 Europe/Kiev] PHP Notice:  Undefined index: ad_id in /home/newlev00/robocode.pro/www/script/webhook.php on line 43
[16-Oct-2018 12:28:54 Europe/Kiev] PHP Notice:  Undefined index: ad_id in /home/newlev00/robocode.pro/www/script/webhook.php on line 43
[16-Oct-2018 16:44:52 Europe/Kiev] PHP Notice:  Undefined index: ad_id in /home/newlev00/robocode.pro/www/script/webhook.php on line 43
[16-Oct-2018 22:32:18 Europe/Kiev] PHP Notice:  Undefined index: ad_id in /home/newlev00/robocode.pro/www/script/webhook.php on line 43
[18-Oct-2018 08:26:36 Europe/Kiev] PHP Notice:  Undefined index: ad_id in /home/newlev00/robocode.pro/www/script/webhook.php on line 43
[18-Oct-2018 11:29:23 Europe/Kiev] PHP Notice:  Undefined index: ad_id in /home/newlev00/robocode.pro/www/script/webhook.php on line 43
[18-Oct-2018 11:37:31 Europe/Kiev] PHP Notice:  Undefined index: ad_id in /home/newlev00/robocode.pro/www/script/webhook.php on line 43
[18-Oct-2018 14:22:48 Europe/Kiev] PHP Notice:  Undefined index: ad_id in /home/newlev00/robocode.pro/www/script/webhook.php on line 43
[19-Oct-2018 08:50:38 Europe/Kiev] PHP Notice:  Undefined index: ad_id in /home/newlev00/robocode.pro/www/script/webhook.php on line 43
[19-Oct-2018 09:51:20 Europe/Kiev] PHP Notice:  Undefined index: ad_id in /home/newlev00/robocode.pro/www/script/webhook.php on line 43
[20-Oct-2018 13:40:26 Europe/Kiev] PHP Notice:  Undefined index: ad_id in /home/newlev00/robocode.pro/www/script/webhook.php on line 43
[20-Oct-2018 18:22:56 Europe/Kiev] PHP Notice:  Undefined index: ad_id in /home/newlev00/robocode.pro/www/script/webhook.php on line 43
[20-Oct-2018 18:31:35 Europe/Kiev] PHP Notice:  Undefined index: ad_id in /home/newlev00/robocode.pro/www/script/webhook.php on line 43
[21-Oct-2018 22:41:47 Europe/Kiev] PHP Notice:  Undefined index: ad_id in /home/newlev00/robocode.pro/www/script/webhook.php on line 43
[22-Oct-2018 17:45:45 Europe/Kiev] PHP Notice:  Undefined index: ad_id in /home/newlev00/robocode.pro/www/script/webhook.php on line 43
[23-Oct-2018 12:56:06 Europe/Kiev] PHP Notice:  Undefined index: ad_id in /home/newlev00/robocode.pro/www/script/webhook.php on line 43
[23-Oct-2018 13:29:31 Europe/Kiev] PHP Notice:  Undefined index: ad_id in /home/newlev00/robocode.pro/www/script/webhook.php on line 43
[23-Oct-2018 17:28:51 Europe/Kiev] PHP Notice:  Undefined index: ad_id in /home/newlev00/robocode.pro/www/script/webhook.php on line 43
[23-Oct-2018 20:24:07 Europe/Kiev] PHP Notice:  Undefined index: ad_id in /home/newlev00/robocode.pro/www/script/webhook.php on line 43
[24-Oct-2018 16:07:19 Europe/Kiev] PHP Notice:  Undefined index: ad_id in /home/newlev00/robocode.pro/www/script/webhook.php on line 43
[24-Oct-2018 16:52:36 Europe/Kiev] PHP Notice:  Undefined index: ad_id in /home/newlev00/robocode.pro/www/script/webhook.php on line 43
[25-Oct-2018 11:28:27 Europe/Kiev] PHP Notice:  Undefined index: ad_id in /home/newlev00/robocode.pro/www/script/webhook.php on line 43
[25-Oct-2018 14:03:23 Europe/Kiev] PHP Notice:  Undefined index: ad_id in /home/newlev00/robocode.pro/www/script/webhook.php on line 43
[26-Oct-2018 08:45:40 Europe/Kiev] PHP Notice:  Undefined index: ad_id in /home/newlev00/robocode.pro/www/script/webhook.php on line 43
[26-Oct-2018 11:17:12 Europe/Kiev] PHP Notice:  Undefined index: ad_id in /home/newlev00/robocode.pro/www/script/webhook.php on line 43
[26-Oct-2018 12:34:19 Europe/Kiev] PHP Notice:  Undefined index: ad_id in /home/newlev00/robocode.pro/www/script/webhook.php on line 43
[28-Oct-2018 00:47:43 Europe/Kiev] PHP Notice:  Undefined index: ad_id in /home/newlev00/robocode.pro/www/script/webhook.php on line 43
[28-Oct-2018 09:18:31 Europe/Kiev] PHP Notice:  Undefined index: ad_id in /home/newlev00/robocode.pro/www/script/webhook.php on line 43
[28-Oct-2018 11:27:03 Europe/Kiev] PHP Notice:  Undefined index: ad_id in /home/newlev00/robocode.pro/www/script/webhook.php on line 55
[28-Oct-2018 11:37:30 Europe/Kiev] PHP Notice:  Undefined index: ad_id in /home/newlev00/robocode.pro/www/script/webhook.php on line 55
[28-Oct-2018 12:24:38 Europe/Kiev] PHP Notice:  Undefined index: ad_id in /home/newlev00/robocode.pro/www/script/webhook.php on line 55
[28-Oct-2018 17:14:21 Europe/Kiev] PHP Notice:  Undefined index: ad_id in /home/newlev00/robocode.pro/www/script/webhook.php on line 55
[28-Oct-2018 22:25:14 Europe/Kiev] PHP Notice:  Undefined index: ad_id in /home/newlev00/robocode.pro/www/script/webhook.php on line 55
[28-Oct-2018 23:00:47 Europe/Kiev] PHP Notice:  Undefined index: ad_id in /home/newlev00/robocode.pro/www/script/webhook.php on line 55
[29-Oct-2018 08:39:46 Europe/Kiev] PHP Notice:  Undefined index: ad_id in /home/newlev00/robocode.pro/www/script/webhook.php on line 55
[29-Oct-2018 09:34:43 Europe/Kiev] PHP Notice:  Undefined index: ad_id in /home/newlev00/robocode.pro/www/script/webhook.php on line 55
[29-Oct-2018 10:21:41 Europe/Kiev] PHP Notice:  Undefined index: ad_id in /home/newlev00/robocode.pro/www/script/webhook.php on line 55
[29-Oct-2018 10:34:23 Europe/Kiev] PHP Notice:  Undefined index: ad_id in /home/newlev00/robocode.pro/www/script/webhook.php on line 55
[29-Oct-2018 14:50:28 Europe/Kiev] PHP Notice:  Undefined index: ad_id in /home/newlev00/robocode.pro/www/script/webhook.php on line 55
[30-Oct-2018 02:01:36 Europe/Kiev] PHP Notice:  Undefined index: ad_id in /home/newlev00/robocode.pro/www/script/webhook.php on line 55
[30-Oct-2018 18:53:10 Europe/Kiev] PHP Notice:  Undefined index: ad_id in /home/newlev00/robocode.pro/www/script/webhook.php on line 55
[31-Oct-2018 06:48:56 Europe/Kiev] PHP Notice:  Undefined index: ad_id in /home/newlev00/robocode.pro/www/script/webhook.php on line 55
[31-Oct-2018 07:18:20 Europe/Kiev] PHP Notice:  Undefined index: ad_id in /home/newlev00/robocode.pro/www/script/webhook.php on line 55
[31-Oct-2018 11:46:43 Europe/Kiev] PHP Notice:  Undefined index: ad_id in /home/newlev00/robocode.pro/www/script/webhook.php on line 55
[31-Oct-2018 13:20:28 Europe/Kiev] PHP Notice:  Undefined index: ad_id in /home/newlev00/robocode.pro/www/script/webhook.php on line 55
[31-Oct-2018 17:39:34 Europe/Kiev] PHP Notice:  Undefined index: ad_id in /home/newlev00/robocode.pro/www/script/webhook.php on line 55
[31-Oct-2018 21:17:40 Europe/Kiev] PHP Notice:  Undefined index: ad_id in /home/newlev00/robocode.pro/www/script/webhook.php on line 55
[01-Nov-2018 02:24:37 Europe/Kiev] PHP Notice:  Undefined index: ad_id in /home/newlev00/robocode.pro/www/script/webhook.php on line 55
[01-Nov-2018 02:47:23 Europe/Kiev] PHP Notice:  Undefined index: ad_id in /home/newlev00/robocode.pro/www/script/webhook.php on line 55
[01-Nov-2018 09:22:15 Europe/Kiev] PHP Notice:  Undefined index: ad_id in /home/newlev00/robocode.pro/www/script/webhook.php on line 55
[01-Nov-2018 15:24:08 Europe/Kiev] PHP Notice:  Undefined index: ad_id in /home/newlev00/robocode.pro/www/script/webhook.php on line 55
[01-Nov-2018 16:32:30 Europe/Kiev] PHP Notice:  Undefined index: ad_id in /home/newlev00/robocode.pro/www/script/webhook.php on line 55
[01-Nov-2018 17:36:38 Europe/Kiev] PHP Notice:  Undefined index: ad_id in /home/newlev00/robocode.pro/www/script/webhook.php on line 55
[01-Nov-2018 18:18:16 Europe/Kiev] PHP Notice:  Undefined index: ad_id in /home/newlev00/robocode.pro/www/script/webhook.php on line 55
[02-Nov-2018 15:05:30 Europe/Kiev] PHP Notice:  Undefined index: ad_id in /home/newlev00/robocode.pro/www/script/webhook.php on line 55
[03-Nov-2018 15:17:41 Europe/Kiev] PHP Notice:  Undefined index: ad_id in /home/newlev00/robocode.pro/www/script/webhook.php on line 55
[04-Nov-2018 03:10:52 Europe/Kiev] PHP Notice:  Undefined index: ad_id in /home/newlev00/robocode.pro/www/script/webhook.php on line 55
[04-Nov-2018 09:10:58 Europe/Kiev] PHP Notice:  Undefined index: ad_id in /home/newlev00/robocode.pro/www/script/webhook.php on line 55
[04-Nov-2018 09:11:37 Europe/Kiev] PHP Notice:  Undefined index: ad_id in /home/newlev00/robocode.pro/www/script/webhook.php on line 55
[04-Nov-2018 09:12:46 Europe/Kiev] PHP Notice:  Undefined index: ad_id in /home/newlev00/robocode.pro/www/script/webhook.php on line 55
[04-Nov-2018 09:42:56 Europe/Kiev] PHP Notice:  Undefined index: ad_id in /home/newlev00/robocode.pro/www/script/webhook.php on line 55
[04-Nov-2018 10:43:05 Europe/Kiev] PHP Notice:  Undefined index: ad_id in /home/newlev00/robocode.pro/www/script/webhook.php on line 55
[04-Nov-2018 12:13:14 Europe/Kiev] PHP Notice:  Undefined index: ad_id in /home/newlev00/robocode.pro/www/script/webhook.php on line 55
[04-Nov-2018 12:47:31 Europe/Kiev] PHP Notice:  Undefined index: ad_id in /home/newlev00/robocode.pro/www/script/webhook.php on line 55
[04-Nov-2018 12:48:10 Europe/Kiev] PHP Notice:  Undefined index: ad_id in /home/newlev00/robocode.pro/www/script/webhook.php on line 55
[04-Nov-2018 12:49:20 Europe/Kiev] PHP Notice:  Undefined index: ad_id in /home/newlev00/robocode.pro/www/script/webhook.php on line 55
[04-Nov-2018 13:19:29 Europe/Kiev] PHP Notice:  Undefined index: ad_id in /home/newlev00/robocode.pro/www/script/webhook.php on line 55
[04-Nov-2018 14:19:39 Europe/Kiev] PHP Notice:  Undefined index: ad_id in /home/newlev00/robocode.pro/www/script/webhook.php on line 55
[04-Nov-2018 15:13:24 Europe/Kiev] PHP Notice:  Undefined index: ad_id in /home/newlev00/robocode.pro/www/script/webhook.php on line 55
[04-Nov-2018 19:01:37 Europe/Kiev] PHP Notice:  Undefined index: ad_id in /home/newlev00/robocode.pro/www/script/webhook.php on line 55
[04-Nov-2018 21:59:11 Europe/Kiev] PHP Notice:  Undefined index: ad_id in /home/newlev00/robocode.pro/www/script/webhook.php on line 55
[05-Nov-2018 10:09:05 Europe/Kiev] PHP Fatal error:  Uncaught exception 'FacebookAds\Http\Exception\AuthorizationException' with message 'Unsupported get request. Object with ID '698401647213528' does not exist, cannot be loaded due to missing permissions, or does not support this operation. Please read the Graph API documentation at https://developers.facebook.com/docs/graph-api' in /home/newlev00/robocode.pro/www/script/vendor/facebook/php-ads-sdk/src/FacebookAds/Http/Exception/RequestException.php:140
Stack trace:
#0 /home/newlev00/robocode.pro/www/script/vendor/facebook/php-ads-sdk/src/FacebookAds/Http/Client.php(215): FacebookAds\Http\Exception\RequestException::create(Object(FacebookAds\Http\Response))
#1 /home/newlev00/robocode.pro/www/script/vendor/facebook/php-ads-sdk/src/FacebookAds/Http/Request.php(282): FacebookAds\Http\Client->sendRequest(Object(FacebookAds\Http\Request))
#2 /home/newlev00/robocode.pro/www/script/vendor/facebook/php-ads-sdk/src/FacebookAds/Api.php(151): FacebookAds\Http\Request->execute()
#3 /home/newlev00/robocode.pro/www/script/v in /home/newlev00/robocode.pro/www/script/vendor/facebook/php-ads-sdk/src/FacebookAds/Http/Exception/RequestException.php on line 140
[05-Nov-2018 11:11:18 Europe/Kiev] PHP Notice:  Undefined index: ad_id in /home/newlev00/robocode.pro/www/script/webhook.php on line 55
[05-Nov-2018 13:15:25 Europe/Kiev] PHP Notice:  Undefined index: ad_id in /home/newlev00/robocode.pro/www/script/webhook.php on line 55
[05-Nov-2018 21:41:52 Europe/Kiev] PHP Notice:  Undefined index: ad_id in /home/newlev00/robocode.pro/www/script/webhook.php on line 55
[06-Nov-2018 07:27:22 Europe/Kiev] PHP Notice:  Undefined index: ad_id in /home/newlev00/robocode.pro/www/script/webhook.php on line 55
[06-Nov-2018 12:06:58 Europe/Kiev] PHP Notice:  Undefined index: ad_id in /home/newlev00/robocode.pro/www/script/webhook.php on line 55
[06-Nov-2018 22:23:22 Europe/Kiev] PHP Notice:  Undefined index: ad_id in /home/newlev00/robocode.pro/www/script/webhook.php on line 55
[07-Nov-2018 08:50:06 Europe/Kiev] PHP Notice:  Undefined index: ad_id in /home/newlev00/robocode.pro/www/script/webhook.php on line 55
[07-Nov-2018 09:13:34 Europe/Kiev] PHP Notice:  Undefined index: ad_id in /home/newlev00/robocode.pro/www/script/webhook.php on line 55
[07-Nov-2018 12:57:18 Europe/Kiev] PHP Notice:  Undefined index: ad_id in /home/newlev00/robocode.pro/www/script/webhook.php on line 55
[07-Nov-2018 21:14:19 Europe/Kiev] PHP Notice:  Undefined index: ad_id in /home/newlev00/robocode.pro/www/script/webhook.php on line 55
[08-Nov-2018 07:54:34 Europe/Kiev] PHP Notice:  Undefined index: ad_id in /home/newlev00/robocode.pro/www/script/webhook.php on line 55
[08-Nov-2018 08:09:25 Europe/Kiev] PHP Notice:  Undefined index: ad_id in /home/newlev00/robocode.pro/www/script/webhook.php on line 55
[08-Nov-2018 10:13:44 Europe/Kiev] PHP Notice:  Undefined index: ad_id in /home/newlev00/robocode.pro/www/script/webhook.php on line 55
[09-Nov-2018 20:10:20 Europe/Kiev] PHP Notice:  Undefined index: ad_id in /home/newlev00/robocode.pro/www/script/webhook.php on line 55
[09-Nov-2018 20:55:35 Europe/Kiev] PHP Notice:  Undefined index: ad_id in /home/newlev00/robocode.pro/www/script/webhook.php on line 55
[10-Nov-2018 14:49:53 Europe/Kiev] PHP Notice:  Undefined index: ad_id in /home/newlev00/robocode.pro/www/script/webhook.php on line 55
[11-Nov-2018 09:32:04 Europe/Kiev] PHP Notice:  Undefined index: ad_id in /home/newlev00/robocode.pro/www/script/webhook.php on line 55
[12-Nov-2018 09:21:10 Europe/Kiev] PHP Notice:  Undefined index: ad_id in /home/newlev00/robocode.pro/www/script/webhook.php on line 55
[13-Nov-2018 08:52:45 Europe/Kiev] PHP Notice:  Undefined index: ad_id in /home/newlev00/robocode.pro/www/script/webhook.php on line 55
[13-Nov-2018 12:26:41 Europe/Kiev] PHP Notice:  Undefined index: ad_id in /home/newlev00/robocode.pro/www/script/webhook.php on line 55
[13-Nov-2018 18:04:35 Europe/Kiev] PHP Notice:  Undefined index: ad_id in /home/newlev00/robocode.pro/www/script/webhook.php on line 55
[13-Nov-2018 18:14:58 Europe/Kiev] PHP Notice:  Undefined index: ad_id in /home/newlev00/robocode.pro/www/script/webhook.php on line 55
[14-Nov-2018 11:17:10 Europe/Kiev] PHP Notice:  Undefined index: ad_id in /home/newlev00/robocode.pro/www/script/webhook.php on line 55
[14-Nov-2018 14:53:55 Europe/Kiev] PHP Notice:  Undefined index: ad_id in /home/newlev00/robocode.pro/www/script/webhook.php on line 55
[14-Nov-2018 17:34:08 Europe/Kiev] PHP Notice:  Undefined index: ad_id in /home/newlev00/robocode.pro/www/script/webhook.php on line 55
[14-Nov-2018 23:03:47 Europe/Kiev] PHP Notice:  Undefined index: ad_id in /home/newlev00/robocode.pro/www/script/webhook.php on line 55
[15-Nov-2018 07:57:45 Europe/Kiev] PHP Notice:  Undefined index: ad_id in /home/newlev00/robocode.pro/www/script/webhook.php on line 55
[15-Nov-2018 07:58:24 Europe/Kiev] PHP Notice:  Undefined index: ad_id in /home/newlev00/robocode.pro/www/script/webhook.php on line 55
[15-Nov-2018 07:59:33 Europe/Kiev] PHP Notice:  Undefined index: ad_id in /home/newlev00/robocode.pro/www/script/webhook.php on line 55
[15-Nov-2018 08:19:29 Europe/Kiev] PHP Notice:  Undefined index: ad_id in /home/newlev00/robocode.pro/www/script/webhook.php on line 55
[15-Nov-2018 08:20:09 Europe/Kiev] PHP Notice:  Undefined index: ad_id in /home/newlev00/robocode.pro/www/script/webhook.php on line 55
[15-Nov-2018 08:29:43 Europe/Kiev] PHP Notice:  Undefined index: ad_id in /home/newlev00/robocode.pro/www/script/webhook.php on line 55
[15-Nov-2018 11:18:57 Europe/Kiev] PHP Notice:  Undefined index: ad_id in /home/newlev00/robocode.pro/www/script/webhook.php on line 55
[15-Nov-2018 12:35:00 Europe/Kiev] PHP Notice:  Undefined index: ad_id in /home/newlev00/robocode.pro/www/script/webhook.php on line 55
[15-Nov-2018 13:55:14 Europe/Kiev] PHP Notice:  Undefined index: ad_id in /home/newlev00/robocode.pro/www/script/webhook.php on line 55
[15-Nov-2018 19:47:03 Europe/Kiev] PHP Notice:  Undefined index: ad_id in /home/newlev00/robocode.pro/www/script/webhook.php on line 55
[16-Nov-2018 18:55:39 Europe/Kiev] PHP Notice:  Undefined index: ad_id in /home/newlev00/robocode.pro/www/script/webhook.php on line 55
[17-Nov-2018 12:21:35 Europe/Kiev] PHP Notice:  Undefined index: ad_id in /home/newlev00/robocode.pro/www/script/webhook.php on line 55
[18-Nov-2018 07:03:06 Europe/Kiev] PHP Notice:  Undefined index: ad_id in /home/newlev00/robocode.pro/www/script/webhook.php on line 55
[19-Nov-2018 12:41:27 Europe/Kiev] PHP Notice:  Undefined index: ad_id in /home/newlev00/robocode.pro/www/script/webhook.php on line 55
[20-Nov-2018 12:15:39 Europe/Kiev] PHP Notice:  Undefined index: ad_id in /home/newlev00/robocode.pro/www/script/webhook.php on line 55
[21-Nov-2018 14:06:57 Europe/Kiev] PHP Notice:  Undefined index: ad_id in /home/newlev00/robocode.pro/www/script/webhook.php on line 55
[21-Nov-2018 15:03:37 Europe/Kiev] PHP Notice:  Undefined index: ad_id in /home/newlev00/robocode.pro/www/script/webhook.php on line 55
[21-Nov-2018 16:22:25 Europe/Kiev] PHP Notice:  Undefined index: ad_id in /home/newlev00/robocode.pro/www/script/webhook.php on line 55
[22-Nov-2018 06:42:42 Europe/Kiev] PHP Notice:  Undefined index: ad_id in /home/newlev00/robocode.pro/www/script/webhook.php on line 55
[22-Nov-2018 14:27:16 Europe/Kiev] PHP Warning:  file_put_contents(): Only 801 of 833 bytes written, possibly out of free disk space in /home/newlev00/robocode.pro/www/script/webhook.php on line 86
[22-Nov-2018 14:32:32 Europe/Kiev] PHP Warning:  file_put_contents(): Only 0 of 683 bytes written, possibly out of free disk space in /home/newlev00/robocode.pro/www/script/webhook.php on line 86
[22-Nov-2018 15:19:26 Europe/Kiev] PHP Warning:  file_put_contents(): Only 0 of 824 bytes written, possibly out of free disk space in /home/newlev00/robocode.pro/www/script/webhook.php on line 86
[22-Nov-2018 15:33:37 Europe/Kiev] PHP Warning:  file_put_contents(): Only 0 of 702 bytes written, possibly out of free disk space in /home/newlev00/robocode.pro/www/script/webhook.php on line 86
[22-Nov-2018 15:41:22 Europe/Kiev] PHP Warning:  file_put_contents(): Only 0 of 683 bytes written, possibly out of free disk space in /home/newlev00/robocode.pro/www/script/webhook.php on line 86
[22-Nov-2018 15:56:26 Europe/Kiev] PHP Warning:  file_put_contents(): Only 0 of 688 bytes written, possibly out of free disk space in /home/newlev00/robocode.pro/www/script/webhook.php on line 86
[22-Nov-2018 16:10:17 Europe/Kiev] PHP Warning:  file_put_contents(): Only 0 of 822 bytes written, possibly out of free disk space in /home/newlev00/robocode.pro/www/script/webhook.php on line 86
[22-Nov-2018 16:15:56 Europe/Kiev] PHP Warning:  file_put_contents(): Only 0 of 685 bytes written, possibly out of free disk space in /home/newlev00/robocode.pro/www/script/webhook.php on line 86
[22-Nov-2018 16:18:38 Europe/Kiev] PHP Warning:  file_put_contents(): Only 0 of 676 bytes written, possibly out of free disk space in /home/newlev00/robocode.pro/www/script/webhook.php on line 86
[22-Nov-2018 17:52:03 Europe/Kiev] PHP Warning:  file_put_contents(): Only 0 of 801 bytes written, possibly out of free disk space in /home/newlev00/robocode.pro/www/script/webhook.php on line 86
[22-Nov-2018 17:59:59 Europe/Kiev] PHP Warning:  file_put_contents(): Only 0 of 679 bytes written, possibly out of free disk space in /home/newlev00/robocode.pro/www/script/webhook.php on line 86
[24-Nov-2018 12:51:46 Europe/Kiev] PHP Warning:  file_put_contents(): Only 537 of 691 bytes written, possibly out of free disk space in /home/newlev00/robocode.pro/www/script/webhook.php on line 86
[24-Nov-2018 13:35:16 Europe/Kiev] PHP Warning:  file_put_contents(): Only 0 of 699 bytes written, po[28-Nov-2018 09:07:14 Europe/Kiev] PHP Notice:  Undefined index: ad_id in /home/newlev00/robocode.pro/www/script/webhook.php on line 55
[28-Nov-2018 09:31:56 Europe/Kiev] PHP Notice:  Undefined index: оберіть_школу in /home/newlev00/robocode.pro/www/script/webhook.php on line 69
[28-Nov-2018 21:25:09 Europe/Kiev] PHP Notice:  Undefined index: ad_id in /home/newlev00/robocode.pro/www/script/webhook.php on line 55
[28-Nov-2018 23:05:27 Europe/Kiev] PHP Notice:  Undefined index: оберіть_школу in /home/newlev00/robocode.pro/www/script/webhook.php on line 69
[29-Nov-2018 08:05:48 Europe/Kiev] PHP Notice:  Undefined index: оберіть_школу in /home/newlev00/robocode.pro/www/script/webhook.php on line 69
[29-Nov-2018 09:27:27 Europe/Kiev] PHP Notice:  Undefined index: оберіть_школу in /home/newlev00/robocode.pro/www/script/webhook.php on line 69
[29-Nov-2018 20:46:17 Europe/Kiev] PHP Notice:  Undefined index: оберіть_школу in /home/newlev00/robocode.pro/www/script/webhook.php on line 69
[30-Nov-2018 08:40:30 Europe/Kiev] PHP Notice:  Undefined index: оберіть_школу in /home/newlev00/robocode.pro/www/script/webhook.php on line 69
[30-Nov-2018 14:57:47 Europe/Kiev] PHP Notice:  Undefined index: ad_id in /home/newlev00/robocode.pro/www/script/webhook.php on line 55
[01-Dec-2018 08:18:29 Europe/Kiev] PHP Notice:  Undefined index: оберіть_школу in /home/newlev00/robocode.pro/www/script/webhook.php on line 69
[01-Dec-2018 10:17:58 Europe/Kiev] PHP Notice:  Undefined index: оберіть_школу in /home/newlev00/robocode.pro/www/script/webhook.php on line 69
[01-Dec-2018 16:07:06 Europe/Kiev] PHP Notice:  Undefined index: оберіть_школу in /home/newlev00/robocode.pro/www/script/webhook.php on line 69
[02-Dec-2018 11:17:36 Europe/Kiev] PHP Notice:  Undefined index: оберіть_школу in /home/newlev00/robocode.pro/www/script/webhook.php on line 69
[02-Dec-2018 17:40:16 Europe/Kiev] PHP Notice:  Undefined index: ad_id in /home/newlev00/robocode.pro/www/script/webhook.php on line 55
[02-Dec-2018 18:22:45 Europe/Kiev] PHP Notice:  Undefined index: ad_id in /home/newlev00/robocode.pro/www/script/webhook.php on line 55
[04-Dec-2018 09:13:55 Europe/Kiev] PHP Notice:  Undefined index: оберіть_школу in /home/newlev00/robocode.pro/www/script/webhook.php on line 69
[04-Dec-2018 20:22:22 Europe/Kiev] PHP Notice:  Undefined index: оберіть_школу in /home/newlev00/robocode.pro/www/script/webhook.php on line 69
[05-Dec-2018 00:07:54 Europe/Kiev] PHP Notice:  Undefined index: ad_id in /home/newlev00/robocode.pro/www/script/webhook.php on line 55
[07-Dec-2018 00:53:04 Europe/Kiev] PHP Notice:  Undefined index: ad_id in /home/newlev00/robocode.pro/www/script/webhook.php on line 55
[08-Dec-2018 13:54:58 Europe/Kiev] PHP Notice:  Undefined index: ad_id in /home/newlev00/robocode.pro/www/script/webhook.php on line 55
[09-Dec-2018 13:41:10 Europe/Kiev] PHP Notice:  Undefined index: ad_id in /home/newlev00/robocode.pro/www/script/webhook.php on line 55
[09-Dec-2018 19:45:11 Europe/Kiev] PHP Notice:  Undefined index: ad_id in /home/newlev00/robocode.pro/www/script/webhook.php on line 55
[11-Dec-2018 13:05:05 Europe/Kiev] PHP Notice:  Undefined index: ad_id in /home/newlev00/robocode.pro/www/script/webhook.php on line 55
[04-Jan-2019 19:45:05 Europe/Kiev] PHP Notice:  Undefined index: выберите_адрес_школы in /home/newlev00/robocode.pro/www/script/webhook.php on line 69
[04-Jan-2019 20:16:44 Europe/Kiev] PHP Notice:  Undefined index: выберите_адрес_школы in /home/newlev00/robocode.pro/www/script/webhook.php on line 69
[04-Jan-2019 22:12:45 Europe/Kiev] PHP Notice:  Undefined index: выберите_адрес_школы in /home/newlev00/robocode.pro/www/script/webhook.php on line 69
[04-Jan-2019 22:18:09 Europe/Kiev] PHP Notice:  Undefined index: выберите_адрес_школы in /home/newlev00/robocode.pro/www/script/webhook.php on line 69
[04-Jan-2019 22:58:07 Europe/Kiev] PHP Notice:  Undefined index: ad_id in /home/newlev00/robocode.pro/www/script/webhook.php on line 55
[04-Jan-2019 23:18:26 Europe/Kiev] PHP Notice:  Undefined index: выберите_адрес_школы in /home/newlev00/robocode.pro/www/script/webhook.php on line 69
[05-Jan-2019 01:05:54 Europe/Kiev] PHP Notice:  Undefined index: выберите_адрес_школы in /home/newlev00/robocode.pro/www/script/webhook.php on line 69
[05-Jan-2019 05:56:29 Europe/Kiev] PHP Notice:  Undefined index: выберите_адрес_школы in /home/newlev00/robocode.pro/www/script/webhook.php on line 69
[05-Jan-2019 12:19:33 Europe/Kiev] PHP Notice:  Undefined index: выберите_адрес_школы in /home/newlev00/robocode.pro/www/script/webhook.php on line 69
[05-Jan-2019 15:38:19 Europe/Kiev] PHP Notice:  Undefined index: выберите_адрес_школы in /home/newlev00/robocode.pro/www/script/webhook.php on line 69
[05-Jan-2019 20:35:39 Europe/Kiev] PHP Notice:  Undefined index: выберите_адрес_школы in /home/newlev00/robocode.pro/www/script/webhook.php on line 69
[05-Jan-2019 21:22:50 Europe/Kiev] PHP Notice:  Undefined index: выберите_адрес_школы in /home/newlev00/robocode.pro/www/script/webhook.php on line 69
[05-Jan-2019 21:32:37 Europe/Kiev] PHP Notice:  Undefined index: выберите_адрес_школы in /home/newlev00/robocode.pro/www/script/webhook.php on line 69
[05-Jan-2019 21:45:34 Europe/Kiev] PHP Notice:  Undefined index: выберите_адрес_школы in /home/newlev00/robocode.pro/www/script/webhook.php on line 69
[05-Jan-2019 22:36:29 Europe/Kiev] PHP Notice:  Undefined index: выберите_адрес_школы in /home/newlev00/robocode.pro/www/script/webhook.php on line 69
[05-Jan-2019 23:07:17 Europe/Kiev] PHP Notice:  Undefined index: выберите_адрес_школы in /home/newlev00/robocode.pro/www/script/webhook.php on line 69
[05-Jan-2019 23:09:31 Europe/Kiev] PHP Notice:  Undefined index: выберите_адрес_школы in /home/newlev00/robocode.pro/www/script/webhook.php on line 69
[06-Jan-2019 08:13:11 Europe/Kiev] PHP Notice:  Undefined index: выберите_адрес_школы in /home/newlev00/robocode.pro/www/script/webhook.php on line 69
[06-Jan-2019 09:13:25 Europe/Kiev] PHP Notice:  Undefined index: выберите_адрес_школы in /home/newlev00/robocode.pro/www/script/webhook.php on line 69
[06-Jan-2019 09:22:21 Europe/Kiev] PHP Notice:  Undefined index: выберите_адрес_школы in /home/newlev00/robocode.pro/www/script/webhook.php on line 69
[06-Jan-2019 11:52:21 Europe/Kiev] PHP Notice:  Undefined index: выберите_адрес_школы in /home/newlev00/robocode.pro/www/script/webhook.php on line 69
